# JRE version: OpenJDK Runtime Environment (21.0.9) (build 21.0.9+-14649483-b1163.86)
# Java VM: OpenJDK 64-Bit Server VM (21.0.9+-14649483-b1163.86, mixed mode, tiered, compressed oops, compressed class ptrs, g1 gc, windows-amd64)
GC Precious Log:
 CardTable entry size: 512
 Card Set container configuration: InlinePtr #cards 5 size 8 Array Of Cards #cards 12 size 40 Howl #buckets 4 coarsen threshold 1843 Howl Bitmap #cards 512 size 80 coarsen threshold 460 Card regions per heap region 1 cards per card region 2048
 CPUs: 4 total, 4 available
 Memory: 8006M
 Large Page Support: Disabled
 NUMA Support: Disabled
 Compressed Oops: Enabled (32-bit)
 Heap Region Size: 1M
 Heap Min Capacity: 8M
 Heap Initial Capacity: 126M
 Heap Max Capacity: 2002M
 Pre-touch: Disabled
 Parallel Workers: 4
 Concurrent Workers: 1
 Concurrent Refinement Workers: 4
 Periodic GC: Disabled
Heap:
 garbage-first heap   total 112640K, used 78117K [0x0000000082e00000, 0x0000000100000000)
  region size 1024K, 17 young (17408K), 4 survivors (4096K)
 Metaspace       used 67531K, committed 67840K, reserved 1114112K
  class space    used 7542K, committed 7680K, reserved 1048576K
GC Heap History (20 events):
Event: 27.480 GC heap before
{Heap before GC invocations=20 (full 0):
 garbage-first heap   total 47104K, used 39936K [0x0000000082e00000, 0x0000000100000000)
  region size 1024K, 8 young (8192K), 2 survivors (2048K)
 Metaspace       used 50694K, committed 50944K, reserved 1114112K
  class space    used 5966K, committed 6080K, reserved 1048576K
}
Event: 27.487 GC heap after
{Heap after GC invocations=21 (full 0):
 garbage-first heap   total 47104K, used 36215K [0x0000000082e00000, 0x0000000100000000)
  region size 1024K, 1 young (1024K), 1 survivors (1024K)
 Metaspace       used 50694K, committed 50944K, reserved 1114112K
  class space    used 5966K, committed 6080K, reserved 1048576K
}
Event: 27.895 GC heap before
{Heap before GC invocations=22 (full 0):
 garbage-first heap   total 61440K, used 41335K [0x0000000082e00000, 0x0000000100000000)
  region size 1024K, 6 young (6144K), 1 survivors (1024K)
 Metaspace       used 51477K, committed 51776K, reserved 1114112K
  class space    used 6076K, committed 6208K, reserved 1048576K
}
Event: 27.902 GC heap after
{Heap after GC invocations=23 (full 0):
 garbage-first heap   total 61440K, used 37594K [0x0000000082e00000, 0x0000000100000000)
  region size 1024K, 1 young (1024K), 1 survivors (1024K)
 Metaspace       used 51477K, committed 51776K, reserved 1114112K
  class space    used 6076K, committed 6208K, reserved 1048576K
}
Event: 28.954 GC heap before
{Heap before GC invocations=23 (full 0):
 garbage-first heap   total 61440K, used 48858K [0x0000000082e00000, 0x0000000100000000)
  region size 1024K, 13 young (13312K), 1 survivors (1024K)
 Metaspace       used 54289K, committed 54528K, reserved 1114112K
  class space    used 6381K, committed 6464K, reserved 1048576K
}
Event: 28.963 GC heap after
{Heap after GC invocations=24 (full 0):
 garbage-first heap   total 61440K, used 38318K [0x0000000082e00000, 0x0000000100000000)
  region size 1024K, 2 young (2048K), 2 survivors (2048K)
 Metaspace       used 54289K, committed 54528K, reserved 1114112K
  class space    used 6381K, committed 6464K, reserved 1048576K
}
Event: 29.544 GC heap before
{Heap before GC invocations=24 (full 0):
 garbage-first heap   total 61440K, used 50606K [0x0000000082e00000, 0x0000000100000000)
  region size 1024K, 14 young (14336K), 2 survivors (2048K)
 Metaspace       used 54938K, committed 55296K, reserved 1114112K
  class space    used 6462K, committed 6592K, reserved 1048576K
}
Event: 29.558 GC heap after
{Heap after GC invocations=25 (full 0):
 garbage-first heap   total 61440K, used 41793K [0x0000000082e00000, 0x0000000100000000)
  region size 1024K, 2 young (2048K), 2 survivors (2048K)
 Metaspace       used 54938K, committed 55296K, reserved 1114112K
  class space    used 6462K, committed 6592K, reserved 1048576K
}
Event: 30.480 GC heap before
{Heap before GC invocations=26 (full 0):
 garbage-first heap   total 70656K, used 51009K [0x0000000082e00000, 0x0000000100000000)
  region size 1024K, 12 young (12288K), 2 survivors (2048K)
 Metaspace       used 55911K, committed 56192K, reserved 1114112K
  class space    used 6595K, committed 6720K, reserved 1048576K
}
Event: 30.495 GC heap after
{Heap after GC invocations=27 (full 0):
 garbage-first heap   total 70656K, used 44834K [0x0000000082e00000, 0x0000000100000000)
  region size 1024K, 2 young (2048K), 2 survivors (2048K)
 Metaspace       used 55911K, committed 56192K, reserved 1114112K
  class space    used 6595K, committed 6720K, reserved 1048576K
}
Event: 31.326 GC heap before
{Heap before GC invocations=27 (full 0):
 garbage-first heap   total 70656K, used 58146K [0x0000000082e00000, 0x0000000100000000)
  region size 1024K, 16 young (16384K), 2 survivors (2048K)
 Metaspace       used 56682K, committed 56960K, reserved 1114112K
  class space    used 6653K, committed 6784K, reserved 1048576K
}
Event: 31.343 GC heap after
{Heap after GC invocations=28 (full 0):
 garbage-first heap   total 101376K, used 47648K [0x0000000082e00000, 0x0000000100000000)
  region size 1024K, 2 young (2048K), 2 survivors (2048K)
 Metaspace       used 56682K, committed 56960K, reserved 1114112K
  class space    used 6653K, committed 6784K, reserved 1048576K
}
Event: 33.764 GC heap before
{Heap before GC invocations=28 (full 0):
 garbage-first heap   total 101376K, used 77344K [0x0000000082e00000, 0x0000000100000000)
  region size 1024K, 31 young (31744K), 2 survivors (2048K)
 Metaspace       used 58335K, committed 58624K, reserved 1114112K
  class space    used 6718K, committed 6848K, reserved 1048576K
}
Event: 33.787 GC heap after
{Heap after GC invocations=29 (full 0):
 garbage-first heap   total 101376K, used 52562K [0x0000000082e00000, 0x0000000100000000)
  region size 1024K, 4 young (4096K), 4 survivors (4096K)
 Metaspace       used 58335K, committed 58624K, reserved 1114112K
  class space    used 6718K, committed 6848K, reserved 1048576K
}
Event: 35.748 GC heap before
{Heap before GC invocations=30 (full 0):
 garbage-first heap   total 101376K, used 80210K [0x0000000082e00000, 0x0000000100000000)
  region size 1024K, 31 young (31744K), 4 survivors (4096K)
 Metaspace       used 62011K, committed 62336K, reserved 1114112K
  class space    used 7044K, committed 7232K, reserved 1048576K
}
Event: 35.774 GC heap after
{Heap after GC invocations=31 (full 0):
 garbage-first heap   total 101376K, used 57101K [0x0000000082e00000, 0x0000000100000000)
  region size 1024K, 4 young (4096K), 4 survivors (4096K)
 Metaspace       used 62011K, committed 62336K, reserved 1114112K
  class space    used 7044K, committed 7232K, reserved 1048576K
}
Event: 36.679 GC heap before
{Heap before GC invocations=31 (full 0):
 garbage-first heap   total 101376K, used 83725K [0x0000000082e00000, 0x0000000100000000)
  region size 1024K, 30 young (30720K), 4 survivors (4096K)
 Metaspace       used 62334K, committed 62720K, reserved 1114112K
  class space    used 7044K, committed 7232K, reserved 1048576K
}
Event: 36.708 GC heap after
{Heap after GC invocations=32 (full 0):
 garbage-first heap   total 101376K, used 62464K [0x0000000082e00000, 0x0000000100000000)
  region size 1024K, 4 young (4096K), 4 survivors (4096K)
 Metaspace       used 62334K, committed 62720K, reserved 1114112K
  class space    used 7044K, committed 7232K, reserved 1048576K
}
Event: 38.113 GC heap before
{Heap before GC invocations=32 (full 0):
 garbage-first heap   total 101376K, used 86016K [0x0000000082e00000, 0x0000000100000000)
  region size 1024K, 27 young (27648K), 4 survivors (4096K)
 Metaspace       used 64141K, committed 64448K, reserved 1114112K
  class space    used 7218K, committed 7360K, reserved 1048576K
}
Event: 38.137 GC heap after
{Heap after GC invocations=33 (full 0):
 garbage-first heap   total 101376K, used 66853K [0x0000000082e00000, 0x0000000100000000)
  region size 1024K, 4 young (4096K), 4 survivors (4096K)
 Metaspace       used 64141K, committed 64448K, reserved 1114112K
  class space    used 7218K, committed 7360K, reserved 1048576K
}

